INFO2023-03-28 15:51:19,061autoreloadWatching for file changes with StatReloader
INFO2023-03-28 15:56:08,896autoreloadC:\Users\safee\OneDrive\Desktop\Ecommerce Crud New\ecommerce_crud\customer\views.py changed, reloading.
INFO2023-03-28 15:56:09,638autoreloadWatching for file changes with StatReloader
INFO2023-03-28 15:56:14,387autoreloadC:\Users\safee\OneDrive\Desktop\Ecommerce Crud New\ecommerce_crud\customer\views.py changed, reloading.
INFO2023-03-28 15:56:15,078autoreloadWatching for file changes with StatReloader
INFO2023-03-28 15:56:17,666autoreloadC:\Users\safee\OneDrive\Desktop\Ecommerce Crud New\ecommerce_crud\customer\views.py changed, reloading.
INFO2023-03-28 15:56:18,363autoreloadWatching for file changes with StatReloader
INFO2023-03-28 15:56:25,306autoreloadC:\Users\safee\OneDrive\Desktop\Ecommerce Crud New\ecommerce_crud\customer\views.py changed, reloading.
INFO2023-03-28 15:56:26,045autoreloadWatching for file changes with StatReloader
INFO2023-03-28 15:56:27,411autoreloadC:\Users\safee\OneDrive\Desktop\Ecommerce Crud New\ecommerce_crud\customer\views.py changed, reloading.
INFO2023-03-28 15:56:27,997autoreloadWatching for file changes with StatReloader
INFO2023-03-28 15:56:44,496autoreloadC:\Users\safee\OneDrive\Desktop\Ecommerce Crud New\ecommerce_crud\customer\views.py changed, reloading.
INFO2023-03-28 15:56:45,185autoreloadWatching for file changes with StatReloader
INFO2023-03-28 15:56:47,774autoreloadC:\Users\safee\OneDrive\Desktop\Ecommerce Crud New\ecommerce_crud\customer\views.py changed, reloading.
INFO2023-03-28 15:56:48,440autoreloadWatching for file changes with StatReloader
INFO2023-03-28 15:56:54,011autoreloadC:\Users\safee\OneDrive\Desktop\Ecommerce Crud New\ecommerce_crud\customer\views.py changed, reloading.
INFO2023-03-28 15:56:54,645autoreloadWatching for file changes with StatReloader
INFO2023-03-28 15:56:57,186autoreloadC:\Users\safee\OneDrive\Desktop\Ecommerce Crud New\ecommerce_crud\customer\views.py changed, reloading.
INFO2023-03-28 15:56:57,823autoreloadWatching for file changes with StatReloader
INFO2023-03-28 15:57:07,842autoreloadC:\Users\safee\OneDrive\Desktop\Ecommerce Crud New\ecommerce_crud\customer\views.py changed, reloading.
INFO2023-03-28 15:57:08,516autoreloadWatching for file changes with StatReloader
INFO2023-03-28 15:57:22,577autoreloadC:\Users\safee\OneDrive\Desktop\Ecommerce Crud New\ecommerce_crud\customer\views.py changed, reloading.
INFO2023-03-28 15:57:23,225autoreloadWatching for file changes with StatReloader
INFO2023-03-28 15:57:24,562autoreloadC:\Users\safee\OneDrive\Desktop\Ecommerce Crud New\ecommerce_crud\customer\views.py changed, reloading.
INFO2023-03-28 15:57:25,170autoreloadWatching for file changes with StatReloader
INFO2023-03-28 15:57:29,909autoreloadC:\Users\safee\OneDrive\Desktop\Ecommerce Crud New\ecommerce_crud\customer\views.py changed, reloading.
INFO2023-03-28 15:57:30,563autoreloadWatching for file changes with StatReloader
INFO2023-03-28 15:57:52,465autoreloadC:\Users\safee\OneDrive\Desktop\Ecommerce Crud New\ecommerce_crud\customer\views.py changed, reloading.
INFO2023-03-28 15:57:53,130autoreloadWatching for file changes with StatReloader
INFO2023-03-28 15:58:04,282autoreloadC:\Users\safee\OneDrive\Desktop\Ecommerce Crud New\ecommerce_crud\customer\views.py changed, reloading.
INFO2023-03-28 15:58:05,104autoreloadWatching for file changes with StatReloader
INFO2023-03-28 15:58:22,814autoreloadC:\Users\safee\OneDrive\Desktop\Ecommerce Crud New\ecommerce_crud\customer\views.py changed, reloading.
INFO2023-03-28 15:58:23,530autoreloadWatching for file changes with StatReloader
INFO2023-03-28 15:58:26,131autoreloadC:\Users\safee\OneDrive\Desktop\Ecommerce Crud New\ecommerce_crud\customer\views.py changed, reloading.
INFO2023-03-28 15:58:26,746autoreloadWatching for file changes with StatReloader
INFO2023-03-28 15:58:31,201autoreloadC:\Users\safee\OneDrive\Desktop\Ecommerce Crud New\ecommerce_crud\customer\views.py changed, reloading.
INFO2023-03-28 15:58:31,782autoreloadWatching for file changes with StatReloader
INFO2023-03-28 15:58:37,295autoreloadC:\Users\safee\OneDrive\Desktop\Ecommerce Crud New\ecommerce_crud\customer\views.py changed, reloading.
INFO2023-03-28 15:58:37,939autoreloadWatching for file changes with StatReloader
INFO2023-03-28 15:58:40,354autoreloadC:\Users\safee\OneDrive\Desktop\Ecommerce Crud New\ecommerce_crud\customer\views.py changed, reloading.
INFO2023-03-28 15:58:41,030autoreloadWatching for file changes with StatReloader
INFO2023-03-28 15:58:43,445autoreloadC:\Users\safee\OneDrive\Desktop\Ecommerce Crud New\ecommerce_crud\customer\views.py changed, reloading.
INFO2023-03-28 15:58:44,146autoreloadWatching for file changes with StatReloader
INFO2023-03-28 15:58:45,712autoreloadC:\Users\safee\OneDrive\Desktop\Ecommerce Crud New\ecommerce_crud\customer\views.py changed, reloading.
INFO2023-03-28 15:58:46,428autoreloadWatching for file changes with StatReloader
INFO2023-03-28 15:58:49,048autoreloadC:\Users\safee\OneDrive\Desktop\Ecommerce Crud New\ecommerce_crud\customer\views.py changed, reloading.
INFO2023-03-28 15:58:49,751autoreloadWatching for file changes with StatReloader
INFO2023-03-28 15:58:54,482autoreloadC:\Users\safee\OneDrive\Desktop\Ecommerce Crud New\ecommerce_crud\customer\views.py changed, reloading.
INFO2023-03-28 15:58:55,143autoreloadWatching for file changes with StatReloader
INFO2023-03-28 15:58:57,778autoreloadC:\Users\safee\OneDrive\Desktop\Ecommerce Crud New\ecommerce_crud\customer\views.py changed, reloading.
INFO2023-03-28 15:58:58,495autoreloadWatching for file changes with StatReloader
INFO2023-03-28 15:59:02,202autoreloadC:\Users\safee\OneDrive\Desktop\Ecommerce Crud New\ecommerce_crud\customer\views.py changed, reloading.
INFO2023-03-28 15:59:02,916autoreloadWatching for file changes with StatReloader
INFO2023-03-28 15:59:04,480autoreloadC:\Users\safee\OneDrive\Desktop\Ecommerce Crud New\ecommerce_crud\customer\views.py changed, reloading.
INFO2023-03-28 15:59:05,281autoreloadWatching for file changes with StatReloader
INFO2023-03-28 15:59:10,009autoreloadC:\Users\safee\OneDrive\Desktop\Ecommerce Crud New\ecommerce_crud\customer\views.py changed, reloading.
INFO2023-03-28 15:59:10,638autoreloadWatching for file changes with StatReloader
INFO2023-03-28 15:59:14,236autoreloadC:\Users\safee\OneDrive\Desktop\Ecommerce Crud New\ecommerce_crud\customer\views.py changed, reloading.
INFO2023-03-28 15:59:14,889autoreloadWatching for file changes with StatReloader
INFO2023-03-28 15:59:21,715autoreloadC:\Users\safee\OneDrive\Desktop\Ecommerce Crud New\ecommerce_crud\customer\views.py changed, reloading.
INFO2023-03-28 15:59:22,473autoreloadWatching for file changes with StatReloader
INFO2023-03-28 15:59:29,334autoreloadC:\Users\safee\OneDrive\Desktop\Ecommerce Crud New\ecommerce_crud\customer\views.py changed, reloading.
INFO2023-03-28 15:59:29,971autoreloadWatching for file changes with StatReloader
INFO2023-03-28 15:59:31,530autoreloadC:\Users\safee\OneDrive\Desktop\Ecommerce Crud New\ecommerce_crud\customer\views.py changed, reloading.
INFO2023-03-28 15:59:32,213autoreloadWatching for file changes with StatReloader
INFO2023-03-28 15:59:33,780autoreloadC:\Users\safee\OneDrive\Desktop\Ecommerce Crud New\ecommerce_crud\customer\views.py changed, reloading.
INFO2023-03-28 15:59:34,460autoreloadWatching for file changes with StatReloader
INFO2023-03-28 16:00:10,584autoreloadC:\Users\safee\OneDrive\Desktop\Ecommerce Crud New\ecommerce_crud\customer\urls.py changed, reloading.
INFO2023-03-28 16:00:11,265autoreloadWatching for file changes with StatReloader
INFO2023-03-28 16:00:13,634autoreloadC:\Users\safee\OneDrive\Desktop\Ecommerce Crud New\ecommerce_crud\customer\urls.py changed, reloading.
INFO2023-03-28 16:00:14,293autoreloadWatching for file changes with StatReloader
INFO2023-03-28 16:00:16,647autoreloadC:\Users\safee\OneDrive\Desktop\Ecommerce Crud New\ecommerce_crud\customer\urls.py changed, reloading.
INFO2023-03-28 16:00:17,301autoreloadWatching for file changes with StatReloader
INFO2023-03-28 16:00:20,702autoreloadC:\Users\safee\OneDrive\Desktop\Ecommerce Crud New\ecommerce_crud\customer\urls.py changed, reloading.
INFO2023-03-28 16:00:21,354autoreloadWatching for file changes with StatReloader
INFO2023-03-28 16:00:56,925autoreloadC:\Users\safee\OneDrive\Desktop\Ecommerce Crud New\ecommerce_crud\customer\urls.py changed, reloading.
INFO2023-03-28 16:00:57,551autoreloadWatching for file changes with StatReloader
INFO2023-03-28 16:01:09,707basehttp"GET / HTTP/1.1" 200 4832
INFO2023-03-28 16:01:12,411basehttp"GET / HTTP/1.1" 200 4832
INFO2023-03-28 16:01:39,686viewsthis is  a info message
INFO2023-03-28 16:01:39,687basehttp"GET /customer/info HTTP/1.1" 200 4
INFO2023-03-28 16:04:55,387autoreloadC:\Users\safee\OneDrive\Desktop\Ecommerce Crud New\ecommerce_crud\customer\views.py changed, reloading.
INFO2023-03-28 16:04:56,084autoreloadWatching for file changes with StatReloader
INFO2023-03-28 16:04:59,773autoreloadC:\Users\safee\OneDrive\Desktop\Ecommerce Crud New\ecommerce_crud\customer\views.py changed, reloading.
INFO2023-03-28 16:05:00,464autoreloadWatching for file changes with StatReloader
INFO2023-03-28 16:05:02,830autoreloadC:\Users\safee\OneDrive\Desktop\Ecommerce Crud New\ecommerce_crud\customer\views.py changed, reloading.
INFO2023-03-28 16:05:03,463autoreloadWatching for file changes with StatReloader
INFO2023-03-28 16:05:04,759autoreloadC:\Users\safee\OneDrive\Desktop\Ecommerce Crud New\ecommerce_crud\customer\views.py changed, reloading.
INFO2023-03-28 16:05:05,458autoreloadWatching for file changes with StatReloader
INFO2023-03-28 16:05:10,262autoreloadC:\Users\safee\OneDrive\Desktop\Ecommerce Crud New\ecommerce_crud\customer\views.py changed, reloading.
INFO2023-03-28 16:05:10,928autoreloadWatching for file changes with StatReloader
INFO2023-03-28 16:05:12,563autoreloadC:\Users\safee\OneDrive\Desktop\Ecommerce Crud New\ecommerce_crud\customer\views.py changed, reloading.
INFO2023-03-28 16:05:13,235autoreloadWatching for file changes with StatReloader
INFO2023-03-28 16:05:14,795autoreloadC:\Users\safee\OneDrive\Desktop\Ecommerce Crud New\ecommerce_crud\customer\views.py changed, reloading.
INFO2023-03-28 16:05:15,474autoreloadWatching for file changes with StatReloader
INFO2023-03-28 16:05:22,287autoreloadC:\Users\safee\OneDrive\Desktop\Ecommerce Crud New\ecommerce_crud\customer\views.py changed, reloading.
INFO2023-03-28 16:05:22,912autoreloadWatching for file changes with StatReloader
INFO2023-03-28 16:05:32,985autoreloadC:\Users\safee\OneDrive\Desktop\Ecommerce Crud New\ecommerce_crud\customer\views.py changed, reloading.
INFO2023-03-28 16:05:33,770autoreloadWatching for file changes with StatReloader
WARNING2023-03-28 16:05:35,071viewsthis is  a warning message
INFO2023-03-28 16:05:35,072basehttp"GET /customer/info HTTP/1.1" 200 7
INFO2023-03-28 16:06:38,023autoreloadC:\Users\safee\OneDrive\Desktop\Ecommerce Crud New\ecommerce_crud\customer\views.py changed, reloading.
INFO2023-03-28 16:06:38,811autoreloadWatching for file changes with StatReloader
INFO2023-03-28 16:06:43,531autoreloadC:\Users\safee\OneDrive\Desktop\Ecommerce Crud New\ecommerce_crud\customer\views.py changed, reloading.
INFO2023-03-28 16:06:44,226autoreloadWatching for file changes with StatReloader
INFO2023-03-28 16:06:46,574autoreloadC:\Users\safee\OneDrive\Desktop\Ecommerce Crud New\ecommerce_crud\customer\views.py changed, reloading.
INFO2023-03-28 16:06:47,233autoreloadWatching for file changes with StatReloader
INFO2023-03-28 16:06:52,752autoreloadC:\Users\safee\OneDrive\Desktop\Ecommerce Crud New\ecommerce_crud\customer\views.py changed, reloading.
INFO2023-03-28 16:06:53,399autoreloadWatching for file changes with StatReloader
INFO2023-03-28 16:06:59,980autoreloadC:\Users\safee\OneDrive\Desktop\Ecommerce Crud New\ecommerce_crud\customer\views.py changed, reloading.
INFO2023-03-28 16:07:00,657autoreloadWatching for file changes with StatReloader
INFO2023-03-28 16:07:07,277autoreloadC:\Users\safee\OneDrive\Desktop\Ecommerce Crud New\ecommerce_crud\customer\views.py changed, reloading.
INFO2023-03-28 16:07:07,930autoreloadWatching for file changes with StatReloader
INFO2023-03-28 16:07:12,377autoreloadC:\Users\safee\OneDrive\Desktop\Ecommerce Crud New\ecommerce_crud\customer\views.py changed, reloading.
INFO2023-03-28 16:07:13,026autoreloadWatching for file changes with StatReloader
INFO2023-03-28 16:07:14,329autoreloadC:\Users\safee\OneDrive\Desktop\Ecommerce Crud New\ecommerce_crud\customer\views.py changed, reloading.
INFO2023-03-28 16:07:14,961autoreloadWatching for file changes with StatReloader
INFO2023-03-28 16:07:16,283autoreloadC:\Users\safee\OneDrive\Desktop\Ecommerce Crud New\ecommerce_crud\customer\views.py changed, reloading.
INFO2023-03-28 16:07:16,911autoreloadWatching for file changes with StatReloader
INFO2023-03-28 16:07:20,347autoreloadC:\Users\safee\OneDrive\Desktop\Ecommerce Crud New\ecommerce_crud\customer\views.py changed, reloading.
INFO2023-03-28 16:07:21,061autoreloadWatching for file changes with StatReloader
INFO2023-03-28 16:07:23,494autoreloadC:\Users\safee\OneDrive\Desktop\Ecommerce Crud New\ecommerce_crud\customer\views.py changed, reloading.
INFO2023-03-28 16:07:24,095autoreloadWatching for file changes with StatReloader
INFO2023-03-28 16:07:26,727autoreloadC:\Users\safee\OneDrive\Desktop\Ecommerce Crud New\ecommerce_crud\customer\views.py changed, reloading.
INFO2023-03-28 16:07:27,339autoreloadWatching for file changes with StatReloader
INFO2023-03-28 16:07:34,221autoreloadC:\Users\safee\OneDrive\Desktop\Ecommerce Crud New\ecommerce_crud\customer\views.py changed, reloading.
INFO2023-03-28 16:07:34,939autoreloadWatching for file changes with StatReloader
INFO2023-03-28 16:07:36,526autoreloadC:\Users\safee\OneDrive\Desktop\Ecommerce Crud New\ecommerce_crud\customer\views.py changed, reloading.
INFO2023-03-28 16:07:37,191autoreloadWatching for file changes with StatReloader
INFO2023-03-28 16:07:39,824autoreloadC:\Users\safee\OneDrive\Desktop\Ecommerce Crud New\ecommerce_crud\customer\views.py changed, reloading.
INFO2023-03-28 16:07:40,497autoreloadWatching for file changes with StatReloader
INFO2023-03-28 16:07:42,044autoreloadC:\Users\safee\OneDrive\Desktop\Ecommerce Crud New\ecommerce_crud\customer\views.py changed, reloading.
INFO2023-03-28 16:07:42,684autoreloadWatching for file changes with StatReloader
INFO2023-03-28 16:07:44,239autoreloadC:\Users\safee\OneDrive\Desktop\Ecommerce Crud New\ecommerce_crud\customer\views.py changed, reloading.
INFO2023-03-28 16:07:44,891autoreloadWatching for file changes with StatReloader
INFO2023-03-28 16:07:47,544autoreloadC:\Users\safee\OneDrive\Desktop\Ecommerce Crud New\ecommerce_crud\customer\views.py changed, reloading.
INFO2023-03-28 16:07:48,247autoreloadWatching for file changes with StatReloader
INFO2023-03-28 16:07:49,554autoreloadC:\Users\safee\OneDrive\Desktop\Ecommerce Crud New\ecommerce_crud\customer\views.py changed, reloading.
INFO2023-03-28 16:07:50,294autoreloadWatching for file changes with StatReloader
INFO2023-03-28 16:08:02,458autoreloadC:\Users\safee\OneDrive\Desktop\Ecommerce Crud New\ecommerce_crud\customer\views.py changed, reloading.
INFO2023-03-28 16:08:03,159autoreloadWatching for file changes with StatReloader
WARNING2023-03-28 16:08:04,527viewsthis is  a warning message
ERROR2023-03-28 16:08:04,527viewsException has occured
Traceback (most recent call last):
  File "C:\Users\safee\OneDrive\Desktop\Ecommerce Crud New\ecommerce_crud\customer\views.py", line 92, in info
    c = a/b
        ~^~
ZeroDivisionError: division by zero
INFO2023-03-28 16:08:04,528basehttp"GET /customer/info HTTP/1.1" 200 17
INFO2023-03-30 13:48:29,217autoreloadWatching for file changes with StatReloader
INFO2023-03-30 13:48:31,380basehttp"GET / HTTP/1.1" 200 4832
INFO2023-03-30 13:49:19,463basehttp"GET / HTTP/1.1" 200 4832
INFO2023-03-30 13:49:41,805basehttp"GET / HTTP/1.1" 200 4832
INFO2023-03-30 13:49:54,389basehttp"GET / HTTP/1.1" 200 4832
INFO2023-03-30 13:52:44,805autoreloadWatching for file changes with StatReloader
INFO2023-03-30 13:53:56,857autoreloadWatching for file changes with StatReloader
INFO2023-04-24 15:08:31,902autoreloadWatching for file changes with StatReloader
INFO2023-04-24 15:09:20,556basehttp"GET / HTTP/1.1" 200 4832
INFO2023-04-24 15:09:20,761basehttp"GET /static/images/standing_man.png HTTP/1.1" 304 0
WARNING2023-04-24 15:09:20,788basehttp"GET /static/fontawesomefree/css/fontawesome.css HTTP/1.1" 404 1864
WARNING2023-04-24 15:09:20,811basehttp"GET /static/fontawesomefree/css/fontawesome.css HTTP/1.1" 404 1864
WARNING2023-04-24 15:09:22,199logNot Found: /favicon.ico
WARNING2023-04-24 15:09:22,199basehttp"GET /favicon.ico HTTP/1.1" 404 4165
WARNING2023-04-24 15:09:22,217logNot Found: /favicon.ico
WARNING2023-04-24 15:09:22,217basehttp"GET /favicon.ico HTTP/1.1" 404 4165
WARNING2023-04-24 19:07:32,744basehttp"GET /static/fontawesomefree/css/fontawesome.css HTTP/1.1" 404 1864
WARNING2023-04-24 19:07:32,951basehttp"GET /static/fontawesomefree/css/fontawesome.css HTTP/1.1" 404 1864
INFO2023-04-24 19:20:00,670autoreloadWatching for file changes with StatReloader
INFO2023-04-24 19:20:06,722basehttp"GET / HTTP/1.1" 200 4832
INFO2023-04-24 19:20:30,834basehttp"GET / HTTP/1.1" 200 4832
INFO2023-04-24 19:24:34,350basehttp"GET / HTTP/1.1" 200 4832
INFO2023-04-24 19:24:36,479basehttp"GET / HTTP/1.1" 200 4832
INFO2023-04-24 19:24:37,230basehttp"GET / HTTP/1.1" 200 4832
INFO2023-04-24 19:24:56,048basehttp"GET / HTTP/1.1" 200 4832
INFO2023-04-24 19:24:58,176basehttp"GET / HTTP/1.1" 200 4832
INFO2023-04-24 19:24:58,761basehttp"GET / HTTP/1.1" 200 4832
INFO2023-04-24 19:25:37,936basehttp"GET / HTTP/1.1" 200 4832
ERROR2023-04-24 19:36:03,787logInternal Server Error: /
Traceback (most recent call last):
  File "C:\Users\safee\OneDrive\Desktop\Ecommerce Crud New\ecomenv\Lib\site-packages\django\template\base.py", line 505, in parse
    compile_func = self.tags[command]
                   ~~~~~~~~~^^^^^^^^^
KeyError: 'static'

During handling of the above exception, another exception occurred:

Traceback (most recent call last):
  File "C:\Users\safee\OneDrive\Desktop\Ecommerce Crud New\ecomenv\Lib\site-packages\django\core\handlers\exception.py", line 56, in inner
    response = get_response(request)
               ^^^^^^^^^^^^^^^^^^^^^
  File "C:\Users\safee\OneDrive\Desktop\Ecommerce Crud New\ecomenv\Lib\site-packages\django\core\handlers\base.py", line 197, in _get_response
    response = wrapped_callback(request, *callback_args, **callback_kwargs)
               ^^^^^^^^^^^^^^^^^^^^^^^^^^^^^^^^^^^^^^^^^^^^^^^^^^^^^^^^^^^^
  File "C:\Users\safee\OneDrive\Desktop\Ecommerce Crud New\ecommerce_crud\common\views.py", line 60, in project_home
    return render(request, 'common/project home.html')
           ^^^^^^^^^^^^^^^^^^^^^^^^^^^^^^^^^^^^^^^^^^^
  File "C:\Users\safee\OneDrive\Desktop\Ecommerce Crud New\ecomenv\Lib\site-packages\django\shortcuts.py", line 24, in render
    content = loader.render_to_string(template_name, context, request, using=using)
              ^^^^^^^^^^^^^^^^^^^^^^^^^^^^^^^^^^^^^^^^^^^^^^^^^^^^^^^^^^^^^^^^^^^^^
  File "C:\Users\safee\OneDrive\Desktop\Ecommerce Crud New\ecomenv\Lib\site-packages\django\template\loader.py", line 62, in render_to_string
    return template.render(context, request)
           ^^^^^^^^^^^^^^^^^^^^^^^^^^^^^^^^^
  File "C:\Users\safee\OneDrive\Desktop\Ecommerce Crud New\ecomenv\Lib\site-packages\django\template\backends\django.py", line 61, in render
    return self.template.render(context)
           ^^^^^^^^^^^^^^^^^^^^^^^^^^^^^
  File "C:\Users\safee\OneDrive\Desktop\Ecommerce Crud New\ecomenv\Lib\site-packages\django\template\base.py", line 175, in render
    return self._render(context)
           ^^^^^^^^^^^^^^^^^^^^^
  File "C:\Users\safee\OneDrive\Desktop\Ecommerce Crud New\ecomenv\Lib\site-packages\django\template\base.py", line 167, in _render
    return self.nodelist.render(context)
           ^^^^^^^^^^^^^^^^^^^^^^^^^^^^^
  File "C:\Users\safee\OneDrive\Desktop\Ecommerce Crud New\ecomenv\Lib\site-packages\django\template\base.py", line 1005, in render
    return SafeString("".join([node.render_annotated(context) for node in self]))
                              ^^^^^^^^^^^^^^^^^^^^^^^^^^^^^^^^^^^^^^^^^^^^^^^^^
  File "C:\Users\safee\OneDrive\Desktop\Ecommerce Crud New\ecomenv\Lib\site-packages\django\template\base.py", line 1005, in <listcomp>
    return SafeString("".join([node.render_annotated(context) for node in self]))
                               ^^^^^^^^^^^^^^^^^^^^^^^^^^^^^^
  File "C:\Users\safee\OneDrive\Desktop\Ecommerce Crud New\ecomenv\Lib\site-packages\django\template\base.py", line 966, in render_annotated
    return self.render(context)
           ^^^^^^^^^^^^^^^^^^^^
  File "C:\Users\safee\OneDrive\Desktop\Ecommerce Crud New\ecomenv\Lib\site-packages\django\template\loader_tags.py", line 132, in render
    compiled_parent = self.get_parent(context)
                      ^^^^^^^^^^^^^^^^^^^^^^^^
  File "C:\Users\safee\OneDrive\Desktop\Ecommerce Crud New\ecomenv\Lib\site-packages\django\template\loader_tags.py", line 129, in get_parent
    return self.find_template(parent, context)
           ^^^^^^^^^^^^^^^^^^^^^^^^^^^^^^^^^^^
  File "C:\Users\safee\OneDrive\Desktop\Ecommerce Crud New\ecomenv\Lib\site-packages\django\template\loader_tags.py", line 107, in find_template
    template, origin = context.template.engine.find_template(
                       ^^^^^^^^^^^^^^^^^^^^^^^^^^^^^^^^^^^^^^
  File "C:\Users\safee\OneDrive\Desktop\Ecommerce Crud New\ecomenv\Lib\site-packages\django\template\engine.py", line 157, in find_template
    template = loader.get_template(name, skip=skip)
               ^^^^^^^^^^^^^^^^^^^^^^^^^^^^^^^^^^^^
  File "C:\Users\safee\OneDrive\Desktop\Ecommerce Crud New\ecomenv\Lib\site-packages\django\template\loaders\cached.py", line 57, in get_template
    template = super().get_template(template_name, skip)
               ^^^^^^^^^^^^^^^^^^^^^^^^^^^^^^^^^^^^^^^^^
  File "C:\Users\safee\OneDrive\Desktop\Ecommerce Crud New\ecomenv\Lib\site-packages\django\template\loaders\base.py", line 28, in get_template
    return Template(
           ^^^^^^^^^
  File "C:\Users\safee\OneDrive\Desktop\Ecommerce Crud New\ecomenv\Lib\site-packages\django\template\base.py", line 154, in __init__
    self.nodelist = self.compile_nodelist()
                    ^^^^^^^^^^^^^^^^^^^^^^^
  File "C:\Users\safee\OneDrive\Desktop\Ecommerce Crud New\ecomenv\Lib\site-packages\django\template\base.py", line 200, in compile_nodelist
    return parser.parse()
           ^^^^^^^^^^^^^^
  File "C:\Users\safee\OneDrive\Desktop\Ecommerce Crud New\ecomenv\Lib\site-packages\django\template\base.py", line 507, in parse
    self.invalid_block_tag(token, command, parse_until)
  File "C:\Users\safee\OneDrive\Desktop\Ecommerce Crud New\ecomenv\Lib\site-packages\django\template\base.py", line 568, in invalid_block_tag
    raise self.error(
django.template.exceptions.TemplateSyntaxError: Invalid block tag on line 10: 'static'. Did you forget to register or load this tag?
ERROR2023-04-24 19:36:03,795basehttp"GET / HTTP/1.1" 500 172262
INFO2023-04-24 19:36:55,742basehttp"GET / HTTP/1.1" 200 4422
WARNING2023-04-24 19:36:55,777basehttp"GET /static/style/master_style.css HTTP/1.1" 404 1825
INFO2023-04-24 19:37:33,746basehttp"GET / HTTP/1.1" 200 4420
WARNING2023-04-24 19:37:33,762basehttp"GET /static/style/master_style.css HTTP/1.1" 404 1825
INFO2023-04-24 19:38:51,199basehttp"GET / HTTP/1.1" 200 4420
WARNING2023-04-24 19:38:51,216basehttp"GET /static/style/master_style.css HTTP/1.1" 404 1825
INFO2023-04-24 19:38:53,183basehttp"GET / HTTP/1.1" 200 4420
WARNING2023-04-24 19:38:53,214basehttp"GET /static/style/master_style.css HTTP/1.1" 404 1825
INFO2023-04-24 19:38:53,772basehttp"GET / HTTP/1.1" 200 4420
WARNING2023-04-24 19:38:53,796basehttp"GET /static/style/master_style.css HTTP/1.1" 404 1825
INFO2023-04-24 19:38:54,605basehttp"GET / HTTP/1.1" 200 4420
WARNING2023-04-24 19:38:54,638basehttp"GET /static/style/master_style.css HTTP/1.1" 404 1825
INFO2023-04-24 19:39:03,052basehttp"GET / HTTP/1.1" 200 4420
WARNING2023-04-24 19:39:03,077basehttp"GET /static/style/master_style.css HTTP/1.1" 404 1825
INFO2023-04-24 19:39:04,110basehttp"GET / HTTP/1.1" 200 4420
WARNING2023-04-24 19:39:04,143basehttp"GET /static/style/master_style.css HTTP/1.1" 404 1825
INFO2023-04-24 19:39:04,629basehttp"GET / HTTP/1.1" 200 4420
WARNING2023-04-24 19:39:04,659basehttp"GET /static/style/master_style.css HTTP/1.1" 404 1825
INFO2023-04-24 19:39:21,541basehttp"GET / HTTP/1.1" 200 4416
WARNING2023-04-24 19:39:21,573basehttp"GET /static/style/master_style.css HTTP/1.1" 404 1825
INFO2023-04-24 19:39:23,057basehttp"GET / HTTP/1.1" 200 4416
WARNING2023-04-24 19:39:23,078basehttp"GET /static/style/master_style.css HTTP/1.1" 404 1825
INFO2023-04-24 19:39:23,611basehttp"GET / HTTP/1.1" 200 4416
WARNING2023-04-24 19:39:23,639basehttp"GET /static/style/master_style.css HTTP/1.1" 404 1825
INFO2023-04-24 19:39:54,727basehttp"GET / HTTP/1.1" 200 4416
WARNING2023-04-24 19:39:54,747basehttp"GET /static/style/master_style.css HTTP/1.1" 404 1825
INFO2023-04-24 19:39:55,781basehttp"GET / HTTP/1.1" 200 4416
WARNING2023-04-24 19:39:55,807basehttp"GET /static/style/master_style.css HTTP/1.1" 404 1825
INFO2023-04-24 19:39:56,333basehttp"GET / HTTP/1.1" 200 4416
WARNING2023-04-24 19:39:56,357basehttp"GET /static/style/master_style.css HTTP/1.1" 404 1825
INFO2023-04-24 19:40:13,758basehttp"GET / HTTP/1.1" 200 4416
WARNING2023-04-24 19:40:13,781basehttp"GET /static/style/master_style.css HTTP/1.1" 404 1825
INFO2023-04-24 19:40:14,292basehttp"GET / HTTP/1.1" 200 4416
WARNING2023-04-24 19:40:14,320basehttp"GET /static/style/master_style.css HTTP/1.1" 404 1825
INFO2023-04-24 19:40:14,524basehttp"GET / HTTP/1.1" 200 4425
WARNING2023-04-24 19:40:14,549basehttp"GET /static/style/master_style.css HTTP/1.1" 404 1825
INFO2023-04-24 19:40:14,721basehttp"GET / HTTP/1.1" 200 4425
WARNING2023-04-24 19:40:14,753basehttp"GET /static/style/master_style.css HTTP/1.1" 404 1825
INFO2023-04-24 19:40:14,924basehttp"GET / HTTP/1.1" 200 4425
WARNING2023-04-24 19:40:14,946basehttp"GET /static/style/master_style.css HTTP/1.1" 404 1825
INFO2023-04-24 19:42:03,472basehttp"GET / HTTP/1.1" 200 4415
INFO2023-04-24 19:42:03,619basehttp"GET /static/style/masterstyle.css HTTP/1.1" 200 326
INFO2023-04-24 19:42:41,535basehttp"GET / HTTP/1.1" 200 4415
INFO2023-04-24 19:42:41,551basehttp"GET /static/style/masterstyle.css HTTP/1.1" 200 293
INFO2023-04-24 19:42:54,489basehttp"GET / HTTP/1.1" 200 4415
INFO2023-04-24 19:42:54,514basehttp"GET /static/style/masterstyle.css HTTP/1.1" 200 319
INFO2023-04-24 19:43:06,070basehttp"GET / HTTP/1.1" 200 4415
INFO2023-04-24 19:43:06,088basehttp"GET /static/style/masterstyle.css HTTP/1.1" 200 335
INFO2023-04-24 19:43:25,165basehttp"GET / HTTP/1.1" 200 4415
INFO2023-04-24 19:43:25,184basehttp"GET /static/style/masterstyle.css HTTP/1.1" 200 349
INFO2023-04-24 19:43:35,051basehttp"GET / HTTP/1.1" 200 4415
INFO2023-04-24 19:43:35,074basehttp"GET /static/style/masterstyle.css HTTP/1.1" 200 349
INFO2023-04-24 19:43:42,711basehttp"GET / HTTP/1.1" 200 4415
INFO2023-04-24 19:43:42,725basehttp"GET /static/style/masterstyle.css HTTP/1.1" 200 349
INFO2023-04-24 19:44:01,151basehttp"GET / HTTP/1.1" 200 4415
INFO2023-04-24 19:44:01,173basehttp"GET /static/style/masterstyle.css HTTP/1.1" 200 369
INFO2023-04-24 19:44:06,117basehttp"GET / HTTP/1.1" 200 4415
INFO2023-04-24 19:44:06,141basehttp"GET /static/style/masterstyle.css HTTP/1.1" 200 369
INFO2023-04-24 19:48:39,941basehttp"GET / HTTP/1.1" 200 5749
INFO2023-04-24 19:48:39,957basehttp"GET /static/style/masterstyle.css HTTP/1.1" 304 0
INFO2023-04-24 19:48:41,653basehttp"GET / HTTP/1.1" 200 5749
INFO2023-04-24 19:49:09,482basehttp"GET / HTTP/1.1" 200 5749
INFO2023-04-24 19:49:09,499basehttp"GET /static/style/masterstyle.css HTTP/1.1" 304 0
INFO2023-04-24 19:49:11,652basehttp"GET / HTTP/1.1" 200 5749
INFO2023-04-24 19:49:17,535basehttp"GET / HTTP/1.1" 200 5749
INFO2023-04-24 19:49:19,992basehttp"GET / HTTP/1.1" 200 5749
INFO2023-04-24 19:49:22,368basehttp"GET /customerlogin HTTP/1.1" 200 7424
INFO2023-04-24 19:49:24,442basehttp"GET /customersignup HTTP/1.1" 200 11785
INFO2023-04-24 19:49:25,363basehttp"GET / HTTP/1.1" 200 5749
INFO2023-04-24 19:50:40,743basehttp"GET / HTTP/1.1" 200 5722
INFO2023-04-24 19:50:40,759basehttp"GET /static/style/masterstyle.css HTTP/1.1" 304 0
INFO2023-04-24 19:50:41,870basehttp"GET / HTTP/1.1" 200 5722
INFO2023-04-24 19:50:42,493basehttp"GET / HTTP/1.1" 200 5722
INFO2023-04-24 19:51:08,121basehttp"GET / HTTP/1.1" 200 5777
INFO2023-04-24 19:53:49,585basehttp"GET / HTTP/1.1" 200 5722
INFO2023-04-24 19:53:49,602basehttp"GET /static/style/masterstyle.css HTTP/1.1" 304 0
INFO2023-04-24 19:53:51,542basehttp"GET / HTTP/1.1" 200 5722
INFO2023-04-24 19:54:30,859basehttp"GET / HTTP/1.1" 200 5777
INFO2023-04-24 19:54:31,536basehttp"GET / HTTP/1.1" 200 5777
INFO2023-04-24 19:54:31,787basehttp"GET / HTTP/1.1" 200 5777
INFO2023-04-24 19:55:47,455basehttp"GET / HTTP/1.1" 200 5728
INFO2023-04-24 19:55:47,471basehttp"GET /static/style/masterstyle.css HTTP/1.1" 304 0
INFO2023-04-24 19:56:00,859basehttp"GET / HTTP/1.1" 200 5672
INFO2023-04-24 19:56:01,327basehttp"GET / HTTP/1.1" 200 5672
INFO2023-04-24 19:56:21,792basehttp"GET / HTTP/1.1" 200 5679
INFO2023-04-24 19:56:22,499basehttp"GET / HTTP/1.1" 200 5679
INFO2023-04-24 19:56:22,730basehttp"GET / HTTP/1.1" 200 5679
INFO2023-04-24 19:56:22,887basehttp"GET / HTTP/1.1" 200 5679
INFO2023-04-24 19:56:23,060basehttp"GET / HTTP/1.1" 200 5679
INFO2023-04-24 19:56:23,221basehttp"GET / HTTP/1.1" 200 5679
INFO2023-04-24 19:56:46,908basehttp"GET / HTTP/1.1" 200 5681
INFO2023-04-24 19:56:47,170basehttp"GET / HTTP/1.1" 200 5681
INFO2023-04-24 19:56:47,350basehttp"GET / HTTP/1.1" 200 5681
INFO2023-04-24 19:56:47,522basehttp"GET / HTTP/1.1" 200 5681
INFO2023-04-24 19:56:47,669basehttp"GET / HTTP/1.1" 200 5681
INFO2023-04-24 19:57:42,908basehttp"GET / HTTP/1.1" 200 5419
INFO2023-04-24 19:57:42,926basehttp"GET /static/style/masterstyle.css HTTP/1.1" 304 0
INFO2023-04-24 19:57:57,068basehttp"GET / HTTP/1.1" 200 5401
INFO2023-04-24 19:57:58,928basehttp"GET / HTTP/1.1" 200 5401
INFO2023-04-24 19:57:59,185basehttp"GET / HTTP/1.1" 200 5401
INFO2023-04-24 19:57:59,346basehttp"GET / HTTP/1.1" 200 5401
INFO2023-04-24 19:58:07,395basehttp"GET / HTTP/1.1" 200 5391
INFO2023-04-24 19:58:07,679basehttp"GET / HTTP/1.1" 200 5391
INFO2023-04-24 19:58:08,062basehttp"GET / HTTP/1.1" 200 5391
INFO2023-04-24 19:58:43,445basehttp"GET / HTTP/1.1" 200 5370
INFO2023-04-24 19:58:49,756basehttp"GET / HTTP/1.1" 200 5370
INFO2023-04-24 19:58:51,279basehttp"GET / HTTP/1.1" 200 5358
INFO2023-04-24 19:58:51,494basehttp"GET / HTTP/1.1" 200 5358
INFO2023-04-24 19:58:58,134basehttp"GET / HTTP/1.1" 200 5358
INFO2023-04-24 19:58:58,619basehttp"GET / HTTP/1.1" 200 5341
INFO2023-04-24 19:58:58,820basehttp"GET / HTTP/1.1" 200 5341
INFO2023-04-24 19:58:59,040basehttp"GET / HTTP/1.1" 200 5341
INFO2023-04-24 19:58:59,216basehttp"GET / HTTP/1.1" 200 5341
INFO2023-04-24 19:59:37,635basehttp"GET / HTTP/1.1" 200 5247
INFO2023-04-24 19:59:37,646basehttp"GET /static/style/masterstyle.css HTTP/1.1" 304 0
INFO2023-04-24 20:01:06,593basehttp"GET / HTTP/1.1" 200 5247
INFO2023-04-24 20:01:07,052basehttp"GET / HTTP/1.1" 200 5247
INFO2023-04-24 20:01:07,308basehttp"GET / HTTP/1.1" 200 5247
INFO2023-04-24 20:01:07,487basehttp"GET / HTTP/1.1" 200 5247
INFO2023-04-24 20:01:07,666basehttp"GET / HTTP/1.1" 200 5247
INFO2023-04-24 20:01:07,818basehttp"GET / HTTP/1.1" 200 5247
INFO2023-04-24 20:01:09,417basehttp"GET / HTTP/1.1" 200 5247
INFO2023-04-24 20:01:26,192basehttp"GET / HTTP/1.1" 200 5247
INFO2023-04-24 20:01:26,218basehttp"GET /static/style/masterstyle.css HTTP/1.1" 200 204
INFO2023-04-24 20:01:26,667basehttp"GET / HTTP/1.1" 200 5247
INFO2023-04-24 20:01:26,683basehttp"GET /static/style/masterstyle.css HTTP/1.1" 304 0
INFO2023-04-24 20:01:26,885basehttp"GET / HTTP/1.1" 200 5247
INFO2023-04-24 20:01:26,902basehttp"GET /static/style/masterstyle.css HTTP/1.1" 304 0
INFO2023-04-24 20:01:27,052basehttp"GET / HTTP/1.1" 200 5247
INFO2023-04-24 20:01:27,062basehttp"GET /static/style/masterstyle.css HTTP/1.1" 304 0
INFO2023-04-24 20:01:44,867basehttp"GET / HTTP/1.1" 200 5247
INFO2023-04-24 20:01:44,891basehttp"GET /static/style/masterstyle.css HTTP/1.1" 200 204
INFO2023-04-24 20:01:46,634basehttp"GET / HTTP/1.1" 200 5247
INFO2023-04-24 20:01:46,650basehttp"GET /static/style/masterstyle.css HTTP/1.1" 304 0
INFO2023-04-24 20:01:57,311basehttp"GET / HTTP/1.1" 200 5247
INFO2023-04-24 20:01:57,334basehttp"GET /static/style/masterstyle.css HTTP/1.1" 200 224
INFO2023-04-24 20:01:57,662basehttp"GET / HTTP/1.1" 200 5247
INFO2023-04-24 20:01:57,677basehttp"GET /static/style/masterstyle.css HTTP/1.1" 304 0
INFO2023-04-24 20:01:57,873basehttp"GET / HTTP/1.1" 200 5247
INFO2023-04-24 20:01:57,891basehttp"GET /static/style/masterstyle.css HTTP/1.1" 304 0
INFO2023-04-24 20:02:04,304basehttp"GET / HTTP/1.1" 200 5247
INFO2023-04-24 20:02:04,326basehttp"GET /static/style/masterstyle.css HTTP/1.1" 200 226
INFO2023-04-24 20:03:27,892basehttp"GET / HTTP/1.1" 200 5247
INFO2023-04-24 20:03:27,907basehttp"GET /static/style/masterstyle.css HTTP/1.1" 200 245
INFO2023-04-24 20:03:50,829basehttp"GET / HTTP/1.1" 200 5247
INFO2023-04-24 20:03:50,853basehttp"GET /static/style/masterstyle.css HTTP/1.1" 200 264
INFO2023-04-24 20:04:59,081basehttp"GET / HTTP/1.1" 200 5247
INFO2023-04-24 20:04:59,104basehttp"GET /static/style/masterstyle.css HTTP/1.1" 200 293
INFO2023-04-24 20:05:00,434basehttp"GET / HTTP/1.1" 200 5247
INFO2023-04-24 20:05:00,449basehttp"GET /static/style/masterstyle.css HTTP/1.1" 304 0
INFO2023-04-24 20:05:01,154basehttp"GET / HTTP/1.1" 200 5247
INFO2023-04-24 20:05:01,170basehttp"GET /static/style/masterstyle.css HTTP/1.1" 304 0
INFO2023-04-24 20:05:17,032basehttp"GET / HTTP/1.1" 200 5247
INFO2023-04-24 20:05:17,053basehttp"GET /static/style/masterstyle.css HTTP/1.1" 200 288
INFO2023-04-24 20:05:31,077basehttp"GET / HTTP/1.1" 200 5247
INFO2023-04-24 20:05:31,098basehttp"GET /static/style/masterstyle.css HTTP/1.1" 200 289
INFO2023-04-24 20:06:27,558basehttp"GET / HTTP/1.1" 200 5247
INFO2023-04-24 20:06:27,573basehttp"GET /static/style/masterstyle.css HTTP/1.1" 200 304
INFO2023-04-24 20:07:33,739basehttp"GET / HTTP/1.1" 200 5247
INFO2023-04-24 20:07:33,753basehttp"GET /static/style/masterstyle.css HTTP/1.1" 200 304
INFO2023-04-24 20:07:56,546basehttp"GET / HTTP/1.1" 200 5244
INFO2023-04-24 20:07:56,565basehttp"GET /static/style/masterstyle.css HTTP/1.1" 304 0
INFO2023-04-24 20:08:24,552basehttp"GET / HTTP/1.1" 200 5235
INFO2023-04-24 20:08:24,573basehttp"GET /static/style/masterstyle.css HTTP/1.1" 304 0
INFO2023-04-24 20:08:29,001basehttp"GET / HTTP/1.1" 200 5235
INFO2023-04-24 20:09:30,688basehttp"GET / HTTP/1.1" 200 5235
INFO2023-04-24 20:09:30,705basehttp"GET /static/style/masterstyle.css HTTP/1.1" 304 0
INFO2023-04-24 20:09:31,261basehttp"GET / HTTP/1.1" 200 5235
INFO2023-04-24 20:09:49,821basehttp"GET / HTTP/1.1" 200 5235
INFO2023-04-24 20:09:49,847basehttp"GET /static/style/masterstyle.css HTTP/1.1" 200 329
INFO2023-04-24 20:09:57,440basehttp"GET / HTTP/1.1" 200 5235
INFO2023-04-24 20:09:57,454basehttp"GET /static/style/masterstyle.css HTTP/1.1" 200 329
INFO2023-04-24 20:09:58,312basehttp"GET / HTTP/1.1" 200 5235
INFO2023-04-24 20:09:58,327basehttp"GET /static/style/masterstyle.css HTTP/1.1" 304 0
INFO2023-04-24 20:09:58,953basehttp"GET / HTTP/1.1" 200 5235
INFO2023-04-24 20:09:58,969basehttp"GET /static/style/masterstyle.css HTTP/1.1" 304 0
INFO2023-04-24 20:09:59,206basehttp"GET / HTTP/1.1" 200 5235
INFO2023-04-24 20:09:59,223basehttp"GET /static/style/masterstyle.css HTTP/1.1" 304 0
INFO2023-04-24 20:10:17,742basehttp"GET / HTTP/1.1" 200 5235
INFO2023-04-24 20:10:17,758basehttp"GET /static/style/masterstyle.css HTTP/1.1" 200 304
INFO2023-04-24 20:10:18,263basehttp"GET / HTTP/1.1" 200 5235
INFO2023-04-24 20:10:18,278basehttp"GET /static/style/masterstyle.css HTTP/1.1" 304 0
INFO2023-04-24 20:10:18,534basehttp"GET / HTTP/1.1" 200 5235
INFO2023-04-24 20:10:18,551basehttp"GET /static/style/masterstyle.css HTTP/1.1" 304 0
INFO2023-04-24 20:10:24,282basehttp"GET / HTTP/1.1" 200 5235
INFO2023-04-24 20:10:24,304basehttp"GET /static/style/masterstyle.css HTTP/1.1" 200 304
INFO2023-04-24 20:10:36,469basehttp"GET / HTTP/1.1" 200 5235
INFO2023-04-24 20:10:36,491basehttp"GET /static/style/masterstyle.css HTTP/1.1" 200 326
INFO2023-04-24 20:10:36,989basehttp"GET / HTTP/1.1" 200 5235
INFO2023-04-24 20:10:37,001basehttp"GET /static/style/masterstyle.css HTTP/1.1" 304 0
INFO2023-04-24 20:10:37,246basehttp"GET / HTTP/1.1" 200 5235
INFO2023-04-24 20:10:37,260basehttp"GET /static/style/masterstyle.css HTTP/1.1" 304 0
INFO2023-04-24 20:10:54,221basehttp"GET / HTTP/1.1" 200 5235
INFO2023-04-24 20:10:54,237basehttp"GET /static/style/masterstyle.css HTTP/1.1" 200 327
INFO2023-04-24 20:10:54,662basehttp"GET / HTTP/1.1" 200 5235
INFO2023-04-24 20:10:54,688basehttp"GET /static/style/masterstyle.css HTTP/1.1" 304 0
INFO2023-04-24 20:10:54,878basehttp"GET / HTTP/1.1" 200 5235
INFO2023-04-24 20:10:54,892basehttp"GET /static/style/masterstyle.css HTTP/1.1" 304 0
INFO2023-04-24 20:10:55,036basehttp"GET / HTTP/1.1" 200 5235
INFO2023-04-24 20:10:55,042basehttp"GET /static/style/masterstyle.css HTTP/1.1" 304 0
INFO2023-04-24 20:12:08,667basehttp"GET / HTTP/1.1" 200 5235
INFO2023-04-24 20:12:08,684basehttp"GET /static/style/masterstyle.css HTTP/1.1" 200 346
INFO2023-04-24 20:12:31,790basehttp"GET / HTTP/1.1" 200 5235
INFO2023-04-24 20:12:31,813basehttp"GET /static/style/masterstyle.css HTTP/1.1" 200 345
INFO2023-04-24 20:13:32,664basehttp"GET / HTTP/1.1" 200 5647
INFO2023-04-24 20:13:32,681basehttp"GET /static/style/masterstyle.css HTTP/1.1" 304 0
INFO2023-04-24 20:13:57,662basehttp"GET / HTTP/1.1" 200 5647
INFO2023-04-24 20:13:57,683basehttp"GET /static/style/masterstyle.css HTTP/1.1" 200 364
INFO2023-04-24 20:14:04,844basehttp"GET / HTTP/1.1" 200 5647
INFO2023-04-24 20:14:04,858basehttp"GET /static/style/masterstyle.css HTTP/1.1" 200 364
INFO2023-04-24 20:14:27,472basehttp"GET / HTTP/1.1" 200 5647
INFO2023-04-24 20:14:27,483basehttp"GET /static/style/masterstyle.css HTTP/1.1" 304 0
INFO2023-04-24 20:20:38,901basehttp"GET / HTTP/1.1" 200 6290
INFO2023-04-24 20:20:38,914basehttp"GET /static/style/masterstyle.css HTTP/1.1" 304 0
INFO2023-04-24 20:20:40,385basehttp"GET / HTTP/1.1" 200 6290
INFO2023-04-24 20:20:41,044basehttp"GET / HTTP/1.1" 200 6290
INFO2023-04-24 20:22:49,284basehttp"GET / HTTP/1.1" 200 6579
INFO2023-04-24 20:22:49,304basehttp"GET /static/style/masterstyle.css HTTP/1.1" 304 0
INFO2023-04-24 20:22:50,596basehttp"GET / HTTP/1.1" 200 6579
INFO2023-04-24 20:22:51,196basehttp"GET / HTTP/1.1" 200 6579
INFO2023-04-24 20:23:06,344basehttp"GET / HTTP/1.1" 200 6621
INFO2023-04-24 20:23:07,269basehttp"GET / HTTP/1.1" 200 6621
INFO2023-04-24 20:23:07,757basehttp"GET / HTTP/1.1" 200 6621
INFO2023-04-24 20:23:16,306basehttp"GET / HTTP/1.1" 200 6652
INFO2023-04-24 20:23:16,956basehttp"GET / HTTP/1.1" 200 6652
INFO2023-04-24 20:24:45,091basehttp"GET / HTTP/1.1" 200 6634
INFO2023-04-24 20:24:45,107basehttp"GET /static/style/masterstyle.css HTTP/1.1" 200 409
INFO2023-04-24 20:24:47,141basehttp"GET / HTTP/1.1" 200 6634
INFO2023-04-24 20:24:47,155basehttp"GET /static/style/masterstyle.css HTTP/1.1" 304 0
INFO2023-04-24 20:24:47,770basehttp"GET / HTTP/1.1" 200 6634
INFO2023-04-24 20:24:47,785basehttp"GET /static/style/masterstyle.css HTTP/1.1" 304 0
INFO2023-04-24 20:24:48,297basehttp"GET / HTTP/1.1" 200 6634
INFO2023-04-24 20:24:48,313basehttp"GET /static/style/masterstyle.css HTTP/1.1" 304 0
INFO2023-04-24 20:28:20,929basehttp"GET / HTTP/1.1" 200 6732
INFO2023-04-24 20:28:20,953basehttp"GET /static/style/masterstyle.css HTTP/1.1" 304 0
INFO2023-04-24 20:28:22,305basehttp"GET / HTTP/1.1" 200 6732
INFO2023-04-24 20:28:41,407basehttp"GET / HTTP/1.1" 200 6443
INFO2023-04-24 20:28:42,440basehttp"GET / HTTP/1.1" 200 6443
INFO2023-04-24 20:28:42,457basehttp"GET /static/style/masterstyle.css HTTP/1.1" 304 0
INFO2023-04-24 20:28:50,438basehttp"GET / HTTP/1.1" 200 6443
INFO2023-04-24 20:28:50,907basehttp"GET / HTTP/1.1" 200 6443
INFO2023-04-24 20:28:51,156basehttp"GET / HTTP/1.1" 200 6443
INFO2023-04-24 20:28:51,334basehttp"GET / HTTP/1.1" 200 6443
INFO2023-04-24 20:28:51,521basehttp"GET / HTTP/1.1" 200 6443
INFO2023-04-24 20:28:53,443basehttp"GET / HTTP/1.1" 200 6443
INFO2023-04-24 20:29:23,267basehttp"GET / HTTP/1.1" 200 6384
INFO2023-04-24 20:29:23,290basehttp"GET /static/style/masterstyle.css HTTP/1.1" 200 365
INFO2023-04-24 20:29:23,709basehttp"GET / HTTP/1.1" 200 6384
INFO2023-04-24 20:29:24,264basehttp"GET / HTTP/1.1" 200 6384
INFO2023-04-24 20:29:24,731basehttp"GET / HTTP/1.1" 200 6384
INFO2023-04-24 20:30:27,001basehttp"GET / HTTP/1.1" 200 6384
INFO2023-04-24 20:30:27,017basehttp"GET /static/style/masterstyle.css HTTP/1.1" 200 426
INFO2023-04-24 20:30:28,094basehttp"GET / HTTP/1.1" 200 6384
INFO2023-04-24 20:30:28,105basehttp"GET /static/style/masterstyle.css HTTP/1.1" 304 0
INFO2023-04-24 20:30:28,662basehttp"GET / HTTP/1.1" 200 6384
INFO2023-04-24 20:30:28,679basehttp"GET /static/style/masterstyle.css HTTP/1.1" 304 0
INFO2023-04-24 20:30:29,107basehttp"GET / HTTP/1.1" 200 6384
INFO2023-04-24 20:30:29,124basehttp"GET /static/style/masterstyle.css HTTP/1.1" 304 0
INFO2023-04-24 20:30:49,321basehttp"GET / HTTP/1.1" 200 6389
INFO2023-04-24 20:30:49,340basehttp"GET /static/style/masterstyle.css HTTP/1.1" 304 0
INFO2023-04-24 20:31:34,374basehttp"GET / HTTP/1.1" 200 6395
INFO2023-04-24 20:31:34,397basehttp"GET /static/style/masterstyle.css HTTP/1.1" 304 0
INFO2023-04-24 20:31:34,817basehttp"GET / HTTP/1.1" 200 6395
INFO2023-04-24 20:31:41,955basehttp"GET / HTTP/1.1" 200 6407
INFO2023-04-24 20:31:41,972basehttp"GET /static/style/masterstyle.css HTTP/1.1" 304 0
INFO2023-04-24 20:31:42,435basehttp"GET / HTTP/1.1" 200 6407
INFO2023-04-24 20:31:42,678basehttp"GET / HTTP/1.1" 200 6407
INFO2023-04-24 20:31:50,176basehttp"GET / HTTP/1.1" 200 6425
INFO2023-04-24 20:31:50,188basehttp"GET /static/style/masterstyle.css HTTP/1.1" 304 0
INFO2023-04-24 20:31:50,920basehttp"GET / HTTP/1.1" 200 6425
INFO2023-04-24 20:31:51,130basehttp"GET / HTTP/1.1" 200 6425
INFO2023-04-24 20:31:51,308basehttp"GET / HTTP/1.1" 200 6425
INFO2023-04-24 20:31:51,485basehttp"GET / HTTP/1.1" 200 6425
INFO2023-04-24 20:31:51,664basehttp"GET / HTTP/1.1" 200 6425
INFO2023-04-24 20:31:59,698basehttp"GET / HTTP/1.1" 200 6461
INFO2023-04-24 20:31:59,722basehttp"GET /static/style/masterstyle.css HTTP/1.1" 304 0
INFO2023-04-24 20:32:00,144basehttp"GET / HTTP/1.1" 200 6461
INFO2023-04-24 20:32:00,388basehttp"GET / HTTP/1.1" 200 6461
INFO2023-04-24 20:32:00,582basehttp"GET / HTTP/1.1" 200 6461
INFO2023-04-24 20:33:31,964basehttp"GET / HTTP/1.1" 200 6460
INFO2023-04-24 20:33:31,984basehttp"GET /static/style/masterstyle.css HTTP/1.1" 200 475
INFO2023-04-24 20:33:53,140basehttp"GET / HTTP/1.1" 200 6460
INFO2023-04-24 20:33:53,157basehttp"GET /static/style/masterstyle.css HTTP/1.1" 200 497
INFO2023-04-24 20:33:54,052basehttp"GET / HTTP/1.1" 200 6460
INFO2023-04-24 20:33:54,068basehttp"GET /static/style/masterstyle.css HTTP/1.1" 304 0
INFO2023-04-24 20:34:02,479basehttp"GET / HTTP/1.1" 200 6460
INFO2023-04-24 20:34:02,495basehttp"GET /static/style/masterstyle.css HTTP/1.1" 200 502
INFO2023-04-24 20:34:02,877basehttp"GET / HTTP/1.1" 200 6460
INFO2023-04-24 20:34:02,895basehttp"GET /static/style/masterstyle.css HTTP/1.1" 304 0
INFO2023-04-24 20:34:10,108basehttp"GET / HTTP/1.1" 200 6460
INFO2023-04-24 20:34:10,124basehttp"GET /static/style/masterstyle.css HTTP/1.1" 200 503
INFO2023-04-24 20:34:16,306basehttp"GET / HTTP/1.1" 200 6460
INFO2023-04-24 20:34:16,327basehttp"GET /static/style/masterstyle.css HTTP/1.1" 200 503
INFO2023-04-24 20:34:21,853basehttp"GET / HTTP/1.1" 200 6460
INFO2023-04-24 20:34:21,870basehttp"GET /static/style/masterstyle.css HTTP/1.1" 200 503
INFO2023-04-24 20:35:55,524basehttp"GET / HTTP/1.1" 200 6518
INFO2023-04-24 20:35:55,545basehttp"GET /static/style/masterstyle.css HTTP/1.1" 304 0
INFO2023-04-24 20:36:19,736basehttp"GET / HTTP/1.1" 200 6635
INFO2023-04-24 20:36:19,752basehttp"GET /static/style/masterstyle.css HTTP/1.1" 304 0
INFO2023-04-24 20:36:35,033basehttp"GET / HTTP/1.1" 200 6636
INFO2023-04-24 20:36:35,049basehttp"GET /static/style/masterstyle.css HTTP/1.1" 304 0
INFO2023-04-24 20:37:02,131basehttp"GET / HTTP/1.1" 200 6695
INFO2023-04-24 20:37:02,148basehttp"GET /static/style/masterstyle.css HTTP/1.1" 304 0
INFO2023-04-24 20:37:49,110basehttp"GET / HTTP/1.1" 200 6695
INFO2023-04-24 20:37:49,129basehttp"GET /static/style/masterstyle.css HTTP/1.1" 200 528
INFO2023-04-24 20:38:33,878basehttp"GET / HTTP/1.1" 200 6711
INFO2023-04-24 20:38:33,900basehttp"GET /static/style/masterstyle.css HTTP/1.1" 304 0
INFO2023-04-24 20:38:40,633basehttp"GET / HTTP/1.1" 200 6711
INFO2023-04-24 20:38:40,645basehttp"GET /static/style/masterstyle.css HTTP/1.1" 304 0
INFO2023-04-24 20:39:12,341basehttp"GET / HTTP/1.1" 200 6711
INFO2023-04-24 20:39:12,362basehttp"GET /static/style/masterstyle.css HTTP/1.1" 304 0
INFO2023-04-24 20:40:15,818basehttp"GET / HTTP/1.1" 200 6711
INFO2023-04-24 20:40:15,841basehttp"GET /static/style/masterstyle.css HTTP/1.1" 200 582
INFO2023-04-24 20:40:16,413basehttp"GET / HTTP/1.1" 200 6711
INFO2023-04-24 20:40:16,429basehttp"GET /static/style/masterstyle.css HTTP/1.1" 304 0
INFO2023-04-24 20:40:16,638basehttp"GET / HTTP/1.1" 200 6711
INFO2023-04-24 20:40:16,658basehttp"GET /static/style/masterstyle.css HTTP/1.1" 304 0
INFO2023-04-24 20:40:16,797basehttp"GET / HTTP/1.1" 200 6711
INFO2023-04-24 20:40:16,810basehttp"GET /static/style/masterstyle.css HTTP/1.1" 304 0
INFO2023-04-24 20:40:19,610basehttp"GET / HTTP/1.1" 200 6711
INFO2023-04-24 20:40:19,623basehttp"GET /static/style/masterstyle.css HTTP/1.1" 304 0
INFO2023-04-24 20:41:22,827basehttp"GET / HTTP/1.1" 200 6775
INFO2023-04-24 20:41:22,843basehttp"GET /static/style/masterstyle.css HTTP/1.1" 200 588
INFO2023-04-24 20:41:23,392basehttp"GET / HTTP/1.1" 200 6775
INFO2023-04-24 20:41:24,174basehttp"GET / HTTP/1.1" 200 6775
INFO2023-04-24 20:45:20,913basehttp"GET / HTTP/1.1" 200 5931
INFO2023-04-24 20:45:20,929basehttp"GET /static/style/masterstyle.css HTTP/1.1" 304 0
INFO2023-04-24 20:46:14,350basehttp"GET / HTTP/1.1" 200 5889
INFO2023-04-24 20:46:14,366basehttp"GET /static/style/masterstyle.css HTTP/1.1" 304 0
INFO2023-04-24 20:46:36,211basehttp"GET / HTTP/1.1" 200 5903
INFO2023-04-24 20:47:17,221basehttp"GET / HTTP/1.1" 200 5914
INFO2023-04-24 20:47:17,237basehttp"GET /static/style/masterstyle.css HTTP/1.1" 200 622
INFO2023-04-24 20:47:17,730basehttp"GET / HTTP/1.1" 200 5914
INFO2023-04-24 20:47:17,741basehttp"GET /static/style/masterstyle.css HTTP/1.1" 304 0
INFO2023-04-24 20:47:17,952basehttp"GET / HTTP/1.1" 200 5914
INFO2023-04-24 20:47:17,966basehttp"GET /static/style/masterstyle.css HTTP/1.1" 304 0
INFO2023-04-24 20:47:18,117basehttp"GET / HTTP/1.1" 200 5914
INFO2023-04-24 20:47:18,129basehttp"GET /static/style/masterstyle.css HTTP/1.1" 304 0
INFO2023-04-24 20:47:19,902basehttp"GET / HTTP/1.1" 200 5914
INFO2023-04-24 20:47:19,918basehttp"GET /static/style/masterstyle.css HTTP/1.1" 304 0
INFO2023-04-24 20:48:28,156basehttp"GET / HTTP/1.1" 200 5928
INFO2023-04-24 20:48:28,176basehttp"GET /static/style/masterstyle.css HTTP/1.1" 200 625
INFO2023-04-24 20:48:28,646basehttp"GET / HTTP/1.1" 200 5928
INFO2023-04-24 20:48:28,662basehttp"GET /static/style/masterstyle.css HTTP/1.1" 304 0
INFO2023-04-24 20:48:28,835basehttp"GET / HTTP/1.1" 200 5928
INFO2023-04-24 20:48:28,863basehttp"GET /static/style/masterstyle.css HTTP/1.1" 304 0
INFO2023-04-24 20:48:29,046basehttp"GET / HTTP/1.1" 200 5928
INFO2023-04-24 20:48:29,060basehttp"GET /static/style/masterstyle.css HTTP/1.1" 304 0
INFO2023-04-24 20:48:29,246basehttp"GET / HTTP/1.1" 200 5928
INFO2023-04-24 20:48:29,439basehttp"GET / HTTP/1.1" 200 5928
INFO2023-04-24 20:48:29,455basehttp"GET /static/style/masterstyle.css HTTP/1.1" 304 0
INFO2023-04-24 20:48:36,730basehttp"GET / HTTP/1.1" 200 5928
INFO2023-04-24 20:48:36,749basehttp"GET /static/style/masterstyle.css HTTP/1.1" 200 628
INFO2023-04-24 20:48:37,083basehttp"GET / HTTP/1.1" 200 5928
INFO2023-04-24 20:48:37,108basehttp"GET /static/style/masterstyle.css HTTP/1.1" 304 0
INFO2023-04-24 20:48:37,351basehttp"GET / HTTP/1.1" 200 5928
INFO2023-04-24 20:48:37,366basehttp"GET /static/style/masterstyle.css HTTP/1.1" 304 0
INFO2023-04-24 20:48:37,580basehttp"GET / HTTP/1.1" 200 5928
INFO2023-04-24 20:48:37,596basehttp"GET /static/style/masterstyle.css HTTP/1.1" 304 0
INFO2023-04-24 20:48:37,783basehttp"GET / HTTP/1.1" 200 5928
INFO2023-04-24 20:48:37,794basehttp"GET /static/style/masterstyle.css HTTP/1.1" 304 0
INFO2023-04-24 20:48:39,061basehttp"GET / HTTP/1.1" 200 5928
INFO2023-04-24 20:48:39,071basehttp"GET /static/style/masterstyle.css HTTP/1.1" 304 0
INFO2023-04-24 20:48:58,256basehttp"GET / HTTP/1.1" 200 5928
INFO2023-04-24 20:48:58,280basehttp"GET /static/style/masterstyle.css HTTP/1.1" 200 634
INFO2023-04-24 20:48:59,386basehttp"GET / HTTP/1.1" 200 5928
INFO2023-04-24 20:48:59,403basehttp"GET /static/style/masterstyle.css HTTP/1.1" 304 0
INFO2023-04-24 20:49:08,021basehttp"GET / HTTP/1.1" 200 5928
INFO2023-04-24 20:49:08,036basehttp"GET /static/style/masterstyle.css HTTP/1.1" 200 634
INFO2023-04-24 20:49:41,168basehttp"GET / HTTP/1.1" 200 5928
INFO2023-04-24 20:49:41,188basehttp"GET /static/style/masterstyle.css HTTP/1.1" 200 654
INFO2023-04-24 20:49:41,589basehttp"GET / HTTP/1.1" 200 5928
INFO2023-04-24 20:49:41,607basehttp"GET /static/style/masterstyle.css HTTP/1.1" 304 0
INFO2023-04-24 20:49:41,822basehttp"GET / HTTP/1.1" 200 5928
INFO2023-04-24 20:49:41,837basehttp"GET /static/style/masterstyle.css HTTP/1.1" 304 0
INFO2023-04-24 20:49:42,037basehttp"GET / HTTP/1.1" 200 5928
INFO2023-04-24 20:49:42,052basehttp"GET /static/style/masterstyle.css HTTP/1.1" 304 0
INFO2023-04-24 20:49:42,241basehttp"GET / HTTP/1.1" 200 5928
INFO2023-04-24 20:49:42,267basehttp"GET /static/style/masterstyle.css HTTP/1.1" 304 0
INFO2023-04-24 20:49:51,413basehttp"GET / HTTP/1.1" 200 5928
INFO2023-04-24 20:49:51,427basehttp"GET /static/style/masterstyle.css HTTP/1.1" 200 634
INFO2023-04-24 20:49:51,845basehttp"GET / HTTP/1.1" 200 5928
INFO2023-04-24 20:49:51,866basehttp"GET /static/style/masterstyle.css HTTP/1.1" 304 0
INFO2023-04-24 20:49:53,669basehttp"GET / HTTP/1.1" 200 5928
INFO2023-04-24 20:49:53,682basehttp"GET /static/style/masterstyle.css HTTP/1.1" 304 0
INFO2023-04-24 20:50:54,952basehttp"GET / HTTP/1.1" 200 6147
INFO2023-04-24 20:50:54,980basehttp"GET /static/style/masterstyle.css HTTP/1.1" 304 0
INFO2023-04-24 20:50:55,376basehttp"GET / HTTP/1.1" 200 6147
INFO2023-04-24 20:50:58,828basehttp"GET / HTTP/1.1" 200 6147
INFO2023-04-24 20:50:59,858basehttp"GET / HTTP/1.1" 200 6147
INFO2023-04-24 20:51:00,867basehttp"GET / HTTP/1.1" 200 6147
INFO2023-04-24 20:51:00,885basehttp"GET /static/style/masterstyle.css HTTP/1.1" 304 0
INFO2023-04-24 20:51:01,750basehttp"GET / HTTP/1.1" 200 6147
INFO2023-04-24 20:51:03,788basehttp"GET / HTTP/1.1" 200 6147
INFO2023-04-24 20:51:50,842basehttp"GET / HTTP/1.1" 200 6086
INFO2023-04-24 20:51:50,862basehttp"GET /static/style/masterstyle.css HTTP/1.1" 304 0
INFO2023-04-24 20:51:51,525basehttp"GET / HTTP/1.1" 200 6086
INFO2023-04-24 20:52:13,231basehttp"GET / HTTP/1.1" 200 6086
INFO2023-04-24 20:52:13,252basehttp"GET /static/style/masterstyle.css HTTP/1.1" 304 0
INFO2023-04-24 20:52:13,708basehttp"GET / HTTP/1.1" 200 6086
INFO2023-04-24 20:52:35,164basehttp"GET / HTTP/1.1" 200 6086
INFO2023-04-24 20:52:35,182basehttp"GET /static/style/masterstyle.css HTTP/1.1" 304 0
INFO2023-04-24 20:52:35,549basehttp"GET / HTTP/1.1" 200 6086
INFO2023-04-24 20:52:35,792basehttp"GET / HTTP/1.1" 200 6086
INFO2023-04-24 20:52:35,950basehttp"GET / HTTP/1.1" 200 6086
INFO2023-04-24 20:52:44,995basehttp"GET / HTTP/1.1" 200 6040
INFO2023-04-24 20:53:29,374basehttp"GET / HTTP/1.1" 200 5095
INFO2023-04-24 20:53:29,388basehttp"GET /static/style/masterstyle.css HTTP/1.1" 304 0
INFO2023-04-24 20:53:29,896basehttp"GET / HTTP/1.1" 200 5095
INFO2023-04-24 20:54:16,841basehttp"GET / HTTP/1.1" 200 5070
INFO2023-04-24 20:54:16,855basehttp"GET /static/style/masterstyle.css HTTP/1.1" 304 0
INFO2023-04-24 20:54:53,877basehttp"GET / HTTP/1.1" 200 5070
INFO2023-04-24 20:54:53,901basehttp"GET /static/style/masterstyle.css HTTP/1.1" 304 0
INFO2023-04-24 20:55:14,503basehttp"GET / HTTP/1.1" 200 5070
INFO2023-04-24 20:58:35,580basehttp"GET / HTTP/1.1" 200 6076
INFO2023-04-24 20:58:35,596basehttp"GET /static/style/masterstyle.css HTTP/1.1" 304 0
WARNING2023-04-24 20:58:35,686logNot Found: /...
WARNING2023-04-24 20:58:35,686basehttp"GET /... HTTP/1.1" 404 4141
WARNING2023-04-24 20:58:35,972logNot Found: /...
WARNING2023-04-24 20:58:35,972basehttp"GET /... HTTP/1.1" 404 4141
INFO2023-04-24 20:58:39,785basehttp"GET / HTTP/1.1" 200 6076
WARNING2023-04-24 20:58:39,820logNot Found: /...
WARNING2023-04-24 20:58:39,820basehttp"GET /... HTTP/1.1" 404 4141
INFO2023-04-24 20:58:53,144basehttp"GET / HTTP/1.1" 200 5079
INFO2023-04-24 20:58:53,792basehttp"GET / HTTP/1.1" 200 5079
INFO2023-04-24 21:03:15,198basehttp"GET / HTTP/1.1" 200 6108
INFO2023-04-24 21:03:15,214basehttp"GET /static/style/masterstyle.css HTTP/1.1" 304 0
INFO2023-04-24 21:03:15,374basehttp"GET /static/images/carousel_image_1.jpg HTTP/1.1" 200 9060947
WARNING2023-04-24 21:03:15,436logNot Found: /...
WARNING2023-04-24 21:03:15,436basehttp"GET /... HTTP/1.1" 404 4141
INFO2023-04-24 21:03:16,519basehttp"GET / HTTP/1.1" 200 6108
WARNING2023-04-24 21:03:16,603logNot Found: /...
WARNING2023-04-24 21:03:16,603basehttp"GET /... HTTP/1.1" 404 4141
WARNING2023-04-24 21:03:21,294logNot Found: /...
WARNING2023-04-24 21:03:21,294basehttp"GET /... HTTP/1.1" 404 4141
INFO2023-04-24 21:03:36,373basehttp"GET / HTTP/1.1" 200 6108
INFO2023-04-24 21:03:36,388basehttp"GET /static/images/carousel_image_1.jpg HTTP/1.1" 304 0
WARNING2023-04-24 21:03:36,431logNot Found: /...
WARNING2023-04-24 21:03:36,431basehttp"GET /... HTTP/1.1" 404 4141
WARNING2023-04-24 21:03:42,421logNot Found: /...
WARNING2023-04-24 21:03:42,421basehttp"GET /... HTTP/1.1" 404 4141
INFO2023-04-24 21:05:53,906basehttp"GET / HTTP/1.1" 200 6140
INFO2023-04-24 21:05:53,930basehttp"GET /static/style/masterstyle.css HTTP/1.1" 304 0
INFO2023-04-24 21:05:53,938basehttp"GET /static/images/carousel_image_1.jpg HTTP/1.1" 304 0
INFO2023-04-24 21:05:54,098basehttp"GET /static/images/carousel_image_2.jpg HTTP/1.1" 200 13122746
WARNING2023-04-24 21:05:54,177logNot Found: /...
WARNING2023-04-24 21:05:54,177basehttp"GET /... HTTP/1.1" 404 4141
INFO2023-04-24 21:09:43,860basehttp"GET / HTTP/1.1" 200 6172
INFO2023-04-24 21:09:43,877basehttp"GET /static/style/masterstyle.css HTTP/1.1" 304 0
INFO2023-04-24 21:09:43,907basehttp"GET /static/images/carousel_image_1.jpg HTTP/1.1" 304 0
INFO2023-04-24 21:09:43,924basehttp"GET /static/images/carousel_image_2.jpg HTTP/1.1" 304 0
INFO2023-04-24 21:09:44,049basehttp"GET /static/images/carousel_image_3.jpg HTTP/1.1" 200 10215454
INFO2023-04-24 21:10:29,838basehttp"GET / HTTP/1.1" 200 6178
INFO2023-04-24 21:10:29,863basehttp"GET /static/images/carousel_image_2.jpg HTTP/1.1" 304 0
INFO2023-04-24 21:10:29,863basehttp"GET /static/images/carousel_image_3.jpg HTTP/1.1" 304 0
INFO2023-04-24 21:11:35,279basehttp"GET / HTTP/1.1" 200 6190
INFO2023-04-24 21:11:35,296basehttp"GET /static/images/carousel_image_1.jpg HTTP/1.1" 304 0
INFO2023-04-24 21:11:35,328basehttp"GET /static/images/carousel_image_2.jpg HTTP/1.1" 304 0
INFO2023-04-24 21:11:35,336basehttp"GET /static/images/carousel_image_3.jpg HTTP/1.1" 304 0
